<?xml version="1.0" encoding="UTF-8"?>
<!-- Generated by org.testng.reporters.JUnitReportReporter -->
<testsuite hostname="Ladas-MacBook-Pro.local" failures="0" tests="1" name="lmakei.ValidateDiscountCard" time="0.047" errors="0" timestamp="7 Feb 2022 17:19:56 GMT">
  <testcase classname="lmakei.ValidateDiscountCard" name="validateDiscountCard" time="0.047"/>
</testsuite> <!-- lmakei.ValidateDiscountCard -->
