<?xml version="1.0" encoding="UTF-8"?>
<!-- Generated by org.testng.reporters.JUnitReportReporter -->
<testsuite hostname="Ladas-MacBook-Pro.local" failures="0" tests="2" name="lmakei.ValidateTittle" time="0.140" errors="0" timestamp="7 Feb 2022 17:19:56 GMT">
  <testcase classname="lmakei.ValidateTittle" name="validateTittle" time="0.073"/>
  <testcase classname="lmakei.ValidateTittle" name="validateCart" time="0.067"/>
</testsuite> <!-- lmakei.ValidateTittle -->
