<?xml version="1.0" encoding="UTF-8"?>
<!-- Generated by org.testng.reporters.JUnitReportReporter -->
<testsuite hostname="Ladas-MacBook-Pro.local" failures="0" tests="1" name="lmakei.HomePage" time="1.716" errors="0" timestamp="7 Feb 2022 17:55:41 GMT">
  <testcase classname="lmakei.HomePage" name="BasePageNavigation" time="1.716"/>
</testsuite> <!-- lmakei.HomePage -->
