<?xml version="1.0" encoding="UTF-8"?>
<!-- Generated by org.testng.reporters.JUnitReportReporter -->
<testsuite hostname="ladas-mbp.exigengroup.com" failures="0" tests="1" name="lmakei.ValidateDiscountCard" time="0.065" errors="0" timestamp="4 Jan 2022 15:25:31 GMT">
  <testcase classname="lmakei.ValidateDiscountCard" name="validateDiscountCard" time="0.065"/>
</testsuite> <!-- lmakei.ValidateDiscountCard -->
